{
  "0 debug pnpm:scope": {
    "selected": 1
  },
  "1 debug pnpm:package-manifest": {
    "initial": {
      "name": "ezequielschwartzman.org",
      "type": "module",
      "version": "0.0.1",
      "scripts": {
        "dev": "astro dev --port 3333",
        "start": "astro dev --port 3333",
        "build": "astro build",
        "preview": "astro preview",
        "astro": "astro"
      },
      "dependencies": {
        "@astrojs/react": "^2.2.0",
        "@astrojs/tailwind": "^3.1.3",
        "@astrojs/vercel": "^3.4.0",
        "@fontsource/biorhyme": "^5.0.3",
        "@tailwindcss/line-clamp": "^0.4.4",
        "@unocss/preset-web-fonts": "^0.53.4",
        "@unocss/preset-wind": "^0.53.4",
        "astro": "^2.5.1",
        "axios": "^1.4.0",
        "dotenv": "^16.3.1",
        "react": "^18.0.0",
        "react-dom": "^18.0.0",
        "tailwind": "^4.0.0",
        "tailwindcss": "^3.0.24"
      },
      "devDependencies": {
        "@types/node": "^20.2.1",
        "@types/react": "^18.0.21",
        "@types/react-dom": "^18.0.6",
        "unocss": "^0.53.4"
      }
    },
    "prefix": "/Users/zequez/Sync/projects/ezequielschwartzman.org"
  },
  "2 debug pnpm:context": {
    "currentLockfileExists": true,
    "storeDir": "/Users/zequez/Library/pnpm/store/v3",
    "virtualStoreDir": "/Users/zequez/Sync/projects/ezequielschwartzman.org/node_modules/.pnpm"
  },
  "3 debug pnpm:stage": {
    "prefix": "/Users/zequez/Sync/projects/ezequielschwartzman.org",
    "stage": "resolution_started"
  },
  "4 error pnpm": {
    "code": "ERR_PNPM_SPEC_NOT_SUPPORTED_BY_ANY_RESOLVER",
    "pkgsStack": [],
    "err": {
      "name": "pnpm",
      "message": "@unocss isn't supported by any available resolver.",
      "code": "ERR_PNPM_SPEC_NOT_SUPPORTED_BY_ANY_RESOLVER",
      "stack": "pnpm: @unocss isn't supported by any available resolver.\n    at Object.resolve (/Users/zequez/.config/yarn/global/node_modules/pnpm/dist/pnpm.cjs:86033:17)\n    at async run (/Users/zequez/.config/yarn/global/node_modules/pnpm/dist/pnpm.cjs:92979:23)"
    }
  }
}